<?xml version="1.0" encoding="UTF-8"?>
<!-- Generated by org.testng.reporters.JUnitReportReporter -->
<testsuite hostname="LAPTOP-4RQVJNP4" failures="0" tests="2" name="qaclickacademy.Mavenjava.RESTAPITest" time="0.001" errors="0" timestamp="2022-05-18T11:16:01 PDT" skipped="0">
  <testcase classname="qaclickacademy.Mavenjava.RESTAPITest" name="PostJira" time="0.001"/>
  <system-out/>
  <testcase classname="qaclickacademy.Mavenjava.RESTAPITest" name="deleteTwitter" time="0.000"/>
  <system-out/>
</testsuite> <!-- qaclickacademy.Mavenjava.RESTAPITest -->
